{
"contracts/enums/enum.sol":{"l":{},"path":"/mnt/c/Users/oronz/Documents/GitHub/ProgettoBlockchain/PlantBlockchain/Blockchain/contracts/enums/enum.sol","s":{},"b":{},"f":{},"fnMap":{},"statementMap":{},"branchMap":{}},
"contracts/structs/StruttureDati.sol":{"l":{},"path":"/mnt/c/Users/oronz/Documents/GitHub/ProgettoBlockchain/PlantBlockchain/Blockchain/contracts/structs/StruttureDati.sol","s":{},"b":{},"f":{},"fnMap":{},"statementMap":{},"branchMap":{}},
"contracts/VarietyLicenseRegistry.sol":{"l":{"37":35,"38":34,"43":7,"44":7,"49":19,"50":19,"51":19,"56":13,"57":13,"58":12,"63":22,"64":22,"67":12,"68":12,"71":19,"72":19,"149":25,"150":25,"151":25,"152":25,"175":20,"176":20,"177":20,"178":20,"179":19,"180":19,"182":19,"183":19,"186":19,"197":19,"199":19,"212":2,"213":2,"214":2,"216":2,"217":2,"226":10,"227":10,"229":10,"231":10,"239":1,"241":1,"243":1,"253":1,"254":1,"255":1,"263":1,"264":1,"265":1,"266":1,"287":18,"288":18,"289":18,"290":18,"292":18,"293":1,"295":17,"299":18,"300":18,"301":1,"303":1,"304":1,"307":1,"309":1,"310":1,"316":17,"317":17,"319":17,"331":17,"332":17,"334":17,"350":1,"351":1,"353":1,"354":1,"355":1,"356":1,"358":1,"372":0,"373":0,"375":0,"376":0,"377":0,"378":0,"380":0,"395":1,"396":1,"397":1,"402":1,"403":1,"404":0,"406":1,"409":1,"410":1,"411":1,"422":0,"423":0,"427":0,"428":0,"433":0,"434":0,"435":0,"436":0,"459":12,"460":12,"461":12,"465":11,"467":11,"468":11,"471":11,"484":11,"485":11,"488":11,"509":5,"513":5,"515":5,"516":5,"519":5,"520":1,"522":1,"523":1,"526":5,"527":5,"531":5,"532":5,"534":5,"535":3,"536":3,"538":2,"539":2,"542":5,"551":2,"552":2,"554":2,"555":3,"556":3,"559":2,"575":4,"576":1,"591":4,"592":4,"593":4,"595":4,"596":4,"597":4,"599":4,"600":4,"604":4,"605":0,"606":0,"607":0,"611":4,"612":1,"613":1,"614":1,"618":4,"619":0,"620":0,"621":0,"625":4,"626":0,"627":0,"628":0,"632":4,"634":0,"635":0,"636":0,"639":0,"640":0,"641":0,"642":0,"645":0,"646":0,"647":0,"654":4,"656":4,"658":4,"659":0,"660":0,"661":0,"664":4,"665":0,"666":0,"672":4,"673":1,"674":1,"677":1,"680":1,"682":1,"684":1,"685":1,"687":0,"691":0,"695":2,"697":2,"699":1,"701":1,"706":4,"707":0,"710":4,"729":2,"737":1,"746":2,"753":1,"764":2,"775":4,"786":3,"794":0,"795":0,"797":0,"798":0,"801":0,"818":0,"819":0,"821":0,"822":0,"825":0},"path":"/mnt/c/Users/oronz/Documents/GitHub/ProgettoBlockchain/PlantBlockchain/Blockchain/contracts/VarietyLicenseRegistry.sol","s":{"1":35,"2":7,"3":19,"4":19,"5":13,"6":13,"7":22,"8":12,"9":19,"10":20,"11":20,"12":20,"13":20,"14":19,"15":19,"16":19,"17":19,"18":2,"19":2,"20":2,"21":2,"22":10,"23":10,"24":10,"25":1,"26":1,"27":1,"28":1,"29":1,"30":1,"31":18,"32":18,"33":18,"34":18,"35":18,"36":17,"37":18,"38":18,"39":1,"40":1,"41":1,"42":1,"43":1,"44":1,"45":17,"46":17,"47":17,"48":17,"49":1,"50":1,"51":1,"52":1,"53":0,"54":0,"55":0,"56":0,"57":1,"58":1,"59":1,"60":1,"61":1,"62":1,"63":1,"64":1,"65":0,"66":0,"67":0,"68":0,"69":0,"70":0,"71":0,"72":12,"73":12,"74":12,"75":11,"76":11,"77":11,"78":11,"79":5,"80":5,"81":5,"82":5,"83":5,"84":1,"85":5,"86":5,"87":5,"88":2,"89":2,"90":2,"91":3,"92":2,"93":4,"94":3,"95":1,"96":4,"97":4,"98":4,"99":4,"100":4,"101":4,"102":4,"103":4,"104":4,"105":4,"106":4,"107":4,"108":4,"109":0,"110":0,"111":4,"112":4,"113":4,"114":4,"115":4,"116":1,"117":3,"118":1,"119":1,"120":0,"121":2,"122":1,"123":4,"124":4,"125":2,"126":1,"127":2,"128":1,"129":2,"130":4,"131":3,"132":0,"133":0,"134":0,"135":0,"136":0,"137":0,"138":0,"139":0},"b":{"1":[34,1],"2":[7,0],"3":[19,0],"4":[19,0],"5":[13,0],"6":[12,1],"7":[22,0],"8":[12,0],"9":[19,0],"10":[20,0],"11":[20,0],"12":[20,0],"13":[20,0],"14":[19,1],"15":[19,0],"16":[19,0],"17":[2,0],"18":[2,0],"19":[2,0],"20":[2,0],"21":[10,1],"22":[10,0],"23":[10,0],"24":[1,0],"25":[1,0],"26":[1,0],"27":[1,0],"28":[1,0],"29":[1,0],"30":[18,0],"31":[18,0],"32":[18,0],"33":[18,0],"34":[18,0],"35":[18,0],"36":[1,17],"37":[17,0],"38":[1,0],"39":[1,0],"40":[1,0],"41":[1,0],"42":[1,0],"43":[0,0],"44":[0,0],"45":[0,0],"46":[0,0],"47":[1,0],"48":[1,0],"49":[1,0],"50":[0,1],"51":[1,0],"52":[0,0],"53":[0,0],"54":[0,0],"55":[0,0],"56":[13,0],"57":[12,1],"58":[12,0],"59":[11,1],"60":[0,11],"61":[11,0],"62":[5,0],"63":[5,0],"64":[5,0],"65":[1,4],"66":[3,2],"67":[2,0],"68":[3,1],"69":[4,0],"70":[0,4],"71":[1,3],"72":[0,4],"73":[0,4],"74":[0,4],"75":[0,0],"76":[0,0],"77":[4,0],"78":[0,4],"79":[0,4],"80":[1,3],"81":[1,0],"82":[1,2],"83":[1,0],"84":[0,1],"85":[1,0],"86":[0,0],"87":[1,1],"88":[0,1],"89":[0,4],"90":[0,0],"91":[2,0],"92":[4,0],"93":[3,0],"94":[0,0],"95":[0,0]},"f":{"1":35,"2":7,"3":19,"4":13,"5":22,"6":12,"7":19,"8":25,"9":20,"10":2,"11":10,"12":1,"13":1,"14":1,"15":18,"16":1,"17":0,"18":1,"19":0,"20":12,"21":5,"22":2,"23":4,"24":4,"25":2,"26":1,"27":2,"28":1,"29":2,"30":4,"31":3,"32":0,"33":0},"fnMap":{"1":{"name":"onlyAuthority","line":36,"loc":{"start":{"line":36,"column":2},"end":{"line":39,"column":2}}},"2":{"name":"onlyInspector","line":42,"loc":{"start":{"line":42,"column":2},"end":{"line":45,"column":2}}},"3":{"name":"onlyBreederOf","line":48,"loc":{"start":{"line":48,"column":2},"end":{"line":52,"column":2}}},"4":{"name":"onlyLicenseeOf","line":55,"loc":{"start":{"line":55,"column":2},"end":{"line":59,"column":2}}},"5":{"name":"varietyExists","line":62,"loc":{"start":{"line":62,"column":2},"end":{"line":65,"column":2}}},"6":{"name":"batchExists","line":66,"loc":{"start":{"line":66,"column":2},"end":{"line":69,"column":2}}},"7":{"name":"licenseExists","line":70,"loc":{"start":{"line":70,"column":2},"end":{"line":73,"column":2}}},"8":{"name":"constructor","line":148,"loc":{"start":{"line":148,"column":2},"end":{"line":153,"column":2}}},"9":{"name":"registerVariety","line":174,"loc":{"start":{"line":168,"column":2},"end":{"line":200,"column":2}}},"10":{"name":"revokeVariety","line":211,"loc":{"start":{"line":208,"column":2},"end":{"line":218,"column":2}}},"11":{"name":"addInspector","line":225,"loc":{"start":{"line":225,"column":2},"end":{"line":232,"column":2}}},"12":{"name":"removeInspector","line":238,"loc":{"start":{"line":238,"column":2},"end":{"line":244,"column":2}}},"13":{"name":"beginAuthorityTransfer","line":252,"loc":{"start":{"line":252,"column":2},"end":{"line":256,"column":2}}},"14":{"name":"acceptAuthority","line":262,"loc":{"start":{"line":262,"column":2},"end":{"line":267,"column":2}}},"15":{"name":"issueLicense","line":286,"loc":{"start":{"line":282,"column":2},"end":{"line":335,"column":2}}},"16":{"name":"revokeLicense","line":349,"loc":{"start":{"line":346,"column":2},"end":{"line":360,"column":2}}},"17":{"name":"revokeLicenseByAuthority","line":371,"loc":{"start":{"line":368,"column":2},"end":{"line":382,"column":2}}},"18":{"name":"updateLicenseExpiration","line":394,"loc":{"start":{"line":391,"column":2},"end":{"line":412,"column":2}}},"19":{"name":"makeLicensePermanent","line":421,"loc":{"start":{"line":419,"column":2},"end":{"line":437,"column":2}}},"20":{"name":"createBatch","line":458,"loc":{"start":{"line":454,"column":2},"end":{"line":489,"column":2}}},"21":{"name":"inspectBatch","line":508,"loc":{"start":{"line":505,"column":2},"end":{"line":543,"column":2}}},"22":{"name":"getPendingBatches","line":550,"loc":{"start":{"line":550,"column":2},"end":{"line":560,"column":0}}},"23":{"name":"_append","line":570,"loc":{"start":{"line":570,"column":2},"end":{"line":577,"column":2}}},"24":{"name":"verifyBatch","line":588,"loc":{"start":{"line":585,"column":2},"end":{"line":720,"column":2}}},"25":{"name":"getAuthority","line":728,"loc":{"start":{"line":728,"column":2},"end":{"line":730,"column":2}}},"26":{"name":"getPendingAuthority","line":736,"loc":{"start":{"line":736,"column":2},"end":{"line":738,"column":2}}},"27":{"name":"isInspectorAuthorized","line":745,"loc":{"start":{"line":745,"column":2},"end":{"line":747,"column":2}}},"28":{"name":"getCounters","line":752,"loc":{"start":{"line":752,"column":2},"end":{"line":754,"column":2}}},"29":{"name":"getVariety","line":761,"loc":{"start":{"line":760,"column":2},"end":{"line":765,"column":2}}},"30":{"name":"getLicense","line":772,"loc":{"start":{"line":771,"column":2},"end":{"line":776,"column":2}}},"31":{"name":"getBatch","line":783,"loc":{"start":{"line":782,"column":2},"end":{"line":787,"column":2}}},"32":{"name":"getLicensesByLicensee","line":793,"loc":{"start":{"line":793,"column":2},"end":{"line":802,"column":2}}},"33":{"name":"getLicensesByVariety","line":815,"loc":{"start":{"line":811,"column":2},"end":{"line":826,"column":2}}}},"statementMap":{"1":{"start":{"line":37,"column":4},"end":{"line":37,"column":76}},"2":{"start":{"line":43,"column":4},"end":{"line":43,"column":97}},"3":{"start":{"line":49,"column":4},"end":{"line":49,"column":68}},"4":{"start":{"line":50,"column":4},"end":{"line":50,"column":110}},"5":{"start":{"line":56,"column":4},"end":{"line":56,"column":69}},"6":{"start":{"line":57,"column":4},"end":{"line":57,"column":111}},"7":{"start":{"line":63,"column":4},"end":{"line":63,"column":80}},"8":{"start":{"line":67,"column":4},"end":{"line":67,"column":72}},"9":{"start":{"line":71,"column":4},"end":{"line":71,"column":80}},"10":{"start":{"line":175,"column":4},"end":{"line":175,"column":64}},"11":{"start":{"line":176,"column":4},"end":{"line":176,"column":75}},"12":{"start":{"line":177,"column":4},"end":{"line":177,"column":88}},"13":{"start":{"line":178,"column":4},"end":{"line":178,"column":91}},"14":{"start":{"line":179,"column":4},"end":{"line":179,"column":69}},"15":{"start":{"line":180,"column":4},"end":{"line":180,"column":77}},"16":{"start":{"line":183,"column":4},"end":{"line":183,"column":41}},"17":{"start":{"line":199,"column":4},"end":{"line":199,"column":103}},"18":{"start":{"line":212,"column":4},"end":{"line":212,"column":94}},"19":{"start":{"line":213,"column":4},"end":{"line":213,"column":61}},"20":{"start":{"line":214,"column":4},"end":{"line":214,"column":51}},"21":{"start":{"line":217,"column":4},"end":{"line":217,"column":61}},"22":{"start":{"line":226,"column":4},"end":{"line":226,"column":72}},"23":{"start":{"line":227,"column":4},"end":{"line":227,"column":80}},"24":{"start":{"line":231,"column":4},"end":{"line":231,"column":52}},"25":{"start":{"line":239,"column":4},"end":{"line":239,"column":106}},"26":{"start":{"line":243,"column":4},"end":{"line":243,"column":54}},"27":{"start":{"line":253,"column":6},"end":{"line":253,"column":57}},"28":{"start":{"line":254,"column":6},"end":{"line":254,"column":69}},"29":{"start":{"line":263,"column":6},"end":{"line":263,"column":69}},"30":{"start":{"line":264,"column":6},"end":{"line":264,"column":73}},"31":{"start":{"line":287,"column":4},"end":{"line":287,"column":66}},"32":{"start":{"line":288,"column":4},"end":{"line":288,"column":71}},"33":{"start":{"line":289,"column":4},"end":{"line":289,"column":70}},"34":{"start":{"line":290,"column":4},"end":{"line":290,"column":109}},"35":{"start":{"line":292,"column":4},"end":{"line":292,"column":10100}},"36":{"start":{"line":295,"column":6},"end":{"line":295,"column":88}},"37":{"start":{"line":299,"column":4},"end":{"line":299,"column":70}},"38":{"start":{"line":300,"column":4},"end":{"line":300,"column":10527}},"39":{"start":{"line":301,"column":6},"end":{"line":301,"column":61}},"40":{"start":{"line":303,"column":6},"end":{"line":303,"column":58}},"41":{"start":{"line":304,"column":6},"end":{"line":304,"column":64}},"42":{"start":{"line":307,"column":6},"end":{"line":307,"column":107}},"43":{"start":{"line":309,"column":6},"end":{"line":309,"column":10961}},"44":{"start":{"line":310,"column":10},"end":{"line":310,"column":74}},"45":{"start":{"line":317,"column":4},"end":{"line":317,"column":41}},"46":{"start":{"line":331,"column":4},"end":{"line":331,"column":51}},"47":{"start":{"line":332,"column":4},"end":{"line":332,"column":51}},"48":{"start":{"line":334,"column":4},"end":{"line":334,"column":93}},"49":{"start":{"line":350,"column":4},"end":{"line":350,"column":88}},"50":{"start":{"line":351,"column":4},"end":{"line":351,"column":63}},"51":{"start":{"line":353,"column":4},"end":{"line":353,"column":50}},"52":{"start":{"line":358,"column":4},"end":{"line":358,"column":61}},"53":{"start":{"line":372,"column":4},"end":{"line":372,"column":88}},"54":{"start":{"line":373,"column":4},"end":{"line":373,"column":63}},"55":{"start":{"line":375,"column":4},"end":{"line":375,"column":50}},"56":{"start":{"line":380,"column":4},"end":{"line":380,"column":61}},"57":{"start":{"line":395,"column":6},"end":{"line":395,"column":52}},"58":{"start":{"line":396,"column":6},"end":{"line":396,"column":43}},"59":{"start":{"line":397,"column":6},"end":{"line":397,"column":13937}},"60":{"start":{"line":402,"column":6},"end":{"line":402,"column":77}},"61":{"start":{"line":403,"column":6},"end":{"line":403,"column":14145}},"62":{"start":{"line":406,"column":10},"end":{"line":406,"column":95}},"63":{"start":{"line":409,"column":6},"end":{"line":409,"column":52}},"64":{"start":{"line":411,"column":6},"end":{"line":411,"column":103}},"65":{"start":{"line":422,"column":4},"end":{"line":422,"column":50}},"66":{"start":{"line":423,"column":4},"end":{"line":423,"column":15104}},"67":{"start":{"line":427,"column":4},"end":{"line":427,"column":41}},"68":{"start":{"line":428,"column":4},"end":{"line":428,"column":15221}},"69":{"start":{"line":433,"column":4},"end":{"line":433,"column":75}},"70":{"start":{"line":434,"column":4},"end":{"line":434,"column":50}},"71":{"start":{"line":436,"column":4},"end":{"line":436,"column":100}},"72":{"start":{"line":459,"column":4},"end":{"line":459,"column":50}},"73":{"start":{"line":460,"column":4},"end":{"line":460,"column":94}},"74":{"start":{"line":461,"column":4},"end":{"line":461,"column":16774}},"75":{"start":{"line":465,"column":4},"end":{"line":465,"column":67}},"76":{"start":{"line":468,"column":4},"end":{"line":468,"column":37}},"77":{"start":{"line":484,"column":4},"end":{"line":484,"column":35}},"78":{"start":{"line":488,"column":4},"end":{"line":488,"column":81}},"79":{"start":{"line":509,"column":4},"end":{"line":509,"column":43}},"80":{"start":{"line":513,"column":4},"end":{"line":513,"column":18690}},"81":{"start":{"line":515,"column":8},"end":{"line":515,"column":63}},"82":{"start":{"line":516,"column":8},"end":{"line":516,"column":54}},"83":{"start":{"line":519,"column":8},"end":{"line":519,"column":18980}},"84":{"start":{"line":520,"column":12},"end":{"line":520,"column":60}},"85":{"start":{"line":526,"column":8},"end":{"line":526,"column":28}},"86":{"start":{"line":534,"column":4},"end":{"line":534,"column":19647}},"87":{"start":{"line":542,"column":4},"end":{"line":542,"column":87}},"88":{"start":{"line":551,"column":4},"end":{"line":551,"column":42}},"89":{"start":{"line":552,"column":4},"end":{"line":552,"column":51}},"90":{"start":{"line":554,"column":4},"end":{"line":554,"column":20325}},"91":{"start":{"line":555,"column":8},"end":{"line":555,"column":44}},"92":{"start":{"line":559,"column":4},"end":{"line":559,"column":22}},"93":{"start":{"line":575,"column":4},"end":{"line":575,"column":43}},"94":{"start":{"line":575,"column":33},"end":{"line":575,"column":43}},"95":{"start":{"line":576,"column":4},"end":{"line":576,"column":53}},"96":{"start":{"line":591,"column":4},"end":{"line":591,"column":42}},"97":{"start":{"line":592,"column":4},"end":{"line":592,"column":55}},"98":{"start":{"line":593,"column":4},"end":{"line":593,"column":54}},"99":{"start":{"line":595,"column":4},"end":{"line":595,"column":23}},"100":{"start":{"line":596,"column":4},"end":{"line":596,"column":27}},"101":{"start":{"line":597,"column":4},"end":{"line":597,"column":46}},"102":{"start":{"line":599,"column":4},"end":{"line":599,"column":45}},"103":{"start":{"line":600,"column":4},"end":{"line":600,"column":30}},"104":{"start":{"line":604,"column":4},"end":{"line":604,"column":21873}},"105":{"start":{"line":611,"column":4},"end":{"line":611,"column":22141}},"106":{"start":{"line":618,"column":4},"end":{"line":618,"column":22389}},"107":{"start":{"line":625,"column":4},"end":{"line":625,"column":22669}},"108":{"start":{"line":632,"column":4},"end":{"line":632,"column":22937}},"109":{"start":{"line":634,"column":8},"end":{"line":634,"column":23080}},"110":{"start":{"line":639,"column":12},"end":{"line":639,"column":23341}},"111":{"start":{"line":654,"column":4},"end":{"line":654,"column":69}},"112":{"start":{"line":656,"column":4},"end":{"line":656,"column":24063}},"113":{"start":{"line":658,"column":8},"end":{"line":658,"column":24159}},"114":{"start":{"line":664,"column":12},"end":{"line":664,"column":24482}},"115":{"start":{"line":672,"column":4},"end":{"line":672,"column":24744}},"116":{"start":{"line":677,"column":8},"end":{"line":677,"column":73}},"117":{"start":{"line":679,"column":11},"end":{"line":679,"column":25075}},"118":{"start":{"line":680,"column":8},"end":{"line":680,"column":25147}},"119":{"start":{"line":684,"column":12},"end":{"line":684,"column":25326}},"120":{"start":{"line":691,"column":12},"end":{"line":691,"column":77}},"121":{"start":{"line":697,"column":8},"end":{"line":697,"column":25802}},"122":{"start":{"line":701,"column":12},"end":{"line":701,"column":77}},"123":{"start":{"line":706,"column":4},"end":{"line":706,"column":26087}},"124":{"start":{"line":710,"column":4},"end":{"line":710,"column":26212}},"125":{"start":{"line":729,"column":4},"end":{"line":729,"column":20}},"126":{"start":{"line":737,"column":4},"end":{"line":737,"column":27}},"127":{"start":{"line":746,"column":4},"end":{"line":746,"column":43}},"128":{"start":{"line":753,"column":4},"end":{"line":753,"column":57}},"129":{"start":{"line":764,"column":4},"end":{"line":764,"column":32}},"130":{"start":{"line":775,"column":4},"end":{"line":775,"column":31}},"131":{"start":{"line":786,"column":4},"end":{"line":786,"column":28}},"132":{"start":{"line":794,"column":4},"end":{"line":794,"column":64}},"133":{"start":{"line":795,"column":4},"end":{"line":795,"column":62}},"134":{"start":{"line":797,"column":4},"end":{"line":797,"column":28751}},"135":{"start":{"line":801,"column":4},"end":{"line":801,"column":17}},"136":{"start":{"line":818,"column":4},"end":{"line":818,"column":63}},"137":{"start":{"line":819,"column":4},"end":{"line":819,"column":62}},"138":{"start":{"line":821,"column":4},"end":{"line":821,"column":29413}},"139":{"start":{"line":825,"column":4},"end":{"line":825,"column":17}}},"branchMap":{"1":{"line":37,"type":"if","locations":[{"start":{"line":37,"column":4},"end":{"line":37,"column":4}},{"start":{"line":37,"column":4},"end":{"line":37,"column":4}}]},"2":{"line":43,"type":"if","locations":[{"start":{"line":43,"column":4},"end":{"line":43,"column":4}},{"start":{"line":43,"column":4},"end":{"line":43,"column":4}}]},"3":{"line":49,"type":"if","locations":[{"start":{"line":49,"column":4},"end":{"line":49,"column":4}},{"start":{"line":49,"column":4},"end":{"line":49,"column":4}}]},"4":{"line":50,"type":"if","locations":[{"start":{"line":50,"column":4},"end":{"line":50,"column":4}},{"start":{"line":50,"column":4},"end":{"line":50,"column":4}}]},"5":{"line":56,"type":"if","locations":[{"start":{"line":56,"column":4},"end":{"line":56,"column":4}},{"start":{"line":56,"column":4},"end":{"line":56,"column":4}}]},"6":{"line":57,"type":"if","locations":[{"start":{"line":57,"column":4},"end":{"line":57,"column":4}},{"start":{"line":57,"column":4},"end":{"line":57,"column":4}}]},"7":{"line":63,"type":"if","locations":[{"start":{"line":63,"column":4},"end":{"line":63,"column":4}},{"start":{"line":63,"column":4},"end":{"line":63,"column":4}}]},"8":{"line":67,"type":"if","locations":[{"start":{"line":67,"column":4},"end":{"line":67,"column":4}},{"start":{"line":67,"column":4},"end":{"line":67,"column":4}}]},"9":{"line":71,"type":"if","locations":[{"start":{"line":71,"column":4},"end":{"line":71,"column":4}},{"start":{"line":71,"column":4},"end":{"line":71,"column":4}}]},"10":{"line":174,"type":"if","locations":[{"start":{"line":174,"column":11},"end":{"line":174,"column":11}},{"start":{"line":174,"column":11},"end":{"line":174,"column":11}}]},"11":{"line":175,"type":"if","locations":[{"start":{"line":175,"column":4},"end":{"line":175,"column":4}},{"start":{"line":175,"column":4},"end":{"line":175,"column":4}}]},"12":{"line":176,"type":"if","locations":[{"start":{"line":176,"column":4},"end":{"line":176,"column":4}},{"start":{"line":176,"column":4},"end":{"line":176,"column":4}}]},"13":{"line":177,"type":"if","locations":[{"start":{"line":177,"column":4},"end":{"line":177,"column":4}},{"start":{"line":177,"column":4},"end":{"line":177,"column":4}}]},"14":{"line":178,"type":"if","locations":[{"start":{"line":178,"column":4},"end":{"line":178,"column":4}},{"start":{"line":178,"column":4},"end":{"line":178,"column":4}}]},"15":{"line":179,"type":"if","locations":[{"start":{"line":179,"column":4},"end":{"line":179,"column":4}},{"start":{"line":179,"column":4},"end":{"line":179,"column":4}}]},"16":{"line":180,"type":"if","locations":[{"start":{"line":180,"column":4},"end":{"line":180,"column":4}},{"start":{"line":180,"column":4},"end":{"line":180,"column":4}}]},"17":{"line":211,"type":"if","locations":[{"start":{"line":211,"column":15},"end":{"line":211,"column":15}},{"start":{"line":211,"column":15},"end":{"line":211,"column":15}}]},"18":{"line":211,"type":"if","locations":[{"start":{"line":211,"column":29},"end":{"line":211,"column":29}},{"start":{"line":211,"column":29},"end":{"line":211,"column":29}}]},"19":{"line":212,"type":"if","locations":[{"start":{"line":212,"column":4},"end":{"line":212,"column":4}},{"start":{"line":212,"column":4},"end":{"line":212,"column":4}}]},"20":{"line":213,"type":"if","locations":[{"start":{"line":213,"column":4},"end":{"line":213,"column":4}},{"start":{"line":213,"column":4},"end":{"line":213,"column":4}}]},"21":{"line":225,"type":"if","locations":[{"start":{"line":225,"column":53},"end":{"line":225,"column":53}},{"start":{"line":225,"column":53},"end":{"line":225,"column":53}}]},"22":{"line":226,"type":"if","locations":[{"start":{"line":226,"column":4},"end":{"line":226,"column":4}},{"start":{"line":226,"column":4},"end":{"line":226,"column":4}}]},"23":{"line":227,"type":"if","locations":[{"start":{"line":227,"column":4},"end":{"line":227,"column":4}},{"start":{"line":227,"column":4},"end":{"line":227,"column":4}}]},"24":{"line":238,"type":"if","locations":[{"start":{"line":238,"column":56},"end":{"line":238,"column":56}},{"start":{"line":238,"column":56},"end":{"line":238,"column":56}}]},"25":{"line":239,"type":"if","locations":[{"start":{"line":239,"column":4},"end":{"line":239,"column":4}},{"start":{"line":239,"column":4},"end":{"line":239,"column":4}}]},"26":{"line":252,"type":"if","locations":[{"start":{"line":252,"column":66},"end":{"line":252,"column":66}},{"start":{"line":252,"column":66},"end":{"line":252,"column":66}}]},"27":{"line":253,"type":"if","locations":[{"start":{"line":253,"column":6},"end":{"line":253,"column":6}},{"start":{"line":253,"column":6},"end":{"line":253,"column":6}}]},"28":{"line":254,"type":"if","locations":[{"start":{"line":254,"column":6},"end":{"line":254,"column":6}},{"start":{"line":254,"column":6},"end":{"line":254,"column":6}}]},"29":{"line":263,"type":"if","locations":[{"start":{"line":263,"column":6},"end":{"line":263,"column":6}},{"start":{"line":263,"column":6},"end":{"line":263,"column":6}}]},"30":{"line":286,"type":"if","locations":[{"start":{"line":286,"column":13},"end":{"line":286,"column":13}},{"start":{"line":286,"column":13},"end":{"line":286,"column":13}}]},"31":{"line":286,"type":"if","locations":[{"start":{"line":286,"column":39},"end":{"line":286,"column":39}},{"start":{"line":286,"column":39},"end":{"line":286,"column":39}}]},"32":{"line":287,"type":"if","locations":[{"start":{"line":287,"column":4},"end":{"line":287,"column":4}},{"start":{"line":287,"column":4},"end":{"line":287,"column":4}}]},"33":{"line":288,"type":"if","locations":[{"start":{"line":288,"column":4},"end":{"line":288,"column":4}},{"start":{"line":288,"column":4},"end":{"line":288,"column":4}}]},"34":{"line":289,"type":"if","locations":[{"start":{"line":289,"column":4},"end":{"line":289,"column":4}},{"start":{"line":289,"column":4},"end":{"line":289,"column":4}}]},"35":{"line":290,"type":"if","locations":[{"start":{"line":290,"column":4},"end":{"line":290,"column":4}},{"start":{"line":290,"column":4},"end":{"line":290,"column":4}}]},"36":{"line":292,"type":"if","locations":[{"start":{"line":292,"column":4},"end":{"line":292,"column":4}},{"start":{"line":292,"column":4},"end":{"line":292,"column":4}}]},"37":{"line":295,"type":"if","locations":[{"start":{"line":295,"column":6},"end":{"line":295,"column":6}},{"start":{"line":295,"column":6},"end":{"line":295,"column":6}}]},"38":{"line":309,"type":"if","locations":[{"start":{"line":309,"column":6},"end":{"line":309,"column":6}},{"start":{"line":309,"column":6},"end":{"line":309,"column":6}}]},"39":{"line":349,"type":"if","locations":[{"start":{"line":349,"column":13},"end":{"line":349,"column":13}},{"start":{"line":349,"column":13},"end":{"line":349,"column":13}}]},"40":{"line":349,"type":"if","locations":[{"start":{"line":349,"column":39},"end":{"line":349,"column":39}},{"start":{"line":349,"column":39},"end":{"line":349,"column":39}}]},"41":{"line":350,"type":"if","locations":[{"start":{"line":350,"column":4},"end":{"line":350,"column":4}},{"start":{"line":350,"column":4},"end":{"line":350,"column":4}}]},"42":{"line":351,"type":"if","locations":[{"start":{"line":351,"column":4},"end":{"line":351,"column":4}},{"start":{"line":351,"column":4},"end":{"line":351,"column":4}}]},"43":{"line":371,"type":"if","locations":[{"start":{"line":371,"column":13},"end":{"line":371,"column":13}},{"start":{"line":371,"column":13},"end":{"line":371,"column":13}}]},"44":{"line":371,"type":"if","locations":[{"start":{"line":371,"column":27},"end":{"line":371,"column":27}},{"start":{"line":371,"column":27},"end":{"line":371,"column":27}}]},"45":{"line":372,"type":"if","locations":[{"start":{"line":372,"column":4},"end":{"line":372,"column":4}},{"start":{"line":372,"column":4},"end":{"line":372,"column":4}}]},"46":{"line":373,"type":"if","locations":[{"start":{"line":373,"column":4},"end":{"line":373,"column":4}},{"start":{"line":373,"column":4},"end":{"line":373,"column":4}}]},"47":{"line":394,"type":"if","locations":[{"start":{"line":394,"column":13},"end":{"line":394,"column":13}},{"start":{"line":394,"column":13},"end":{"line":394,"column":13}}]},"48":{"line":397,"type":"if","locations":[{"start":{"line":397,"column":6},"end":{"line":397,"column":6}},{"start":{"line":397,"column":6},"end":{"line":397,"column":6}}]},"49":{"line":402,"type":"if","locations":[{"start":{"line":402,"column":6},"end":{"line":402,"column":6}},{"start":{"line":402,"column":6},"end":{"line":402,"column":6}}]},"50":{"line":403,"type":"if","locations":[{"start":{"line":403,"column":6},"end":{"line":403,"column":6}},{"start":{"line":403,"column":6},"end":{"line":403,"column":6}}]},"51":{"line":406,"type":"if","locations":[{"start":{"line":406,"column":10},"end":{"line":406,"column":10}},{"start":{"line":406,"column":10},"end":{"line":406,"column":10}}]},"52":{"line":421,"type":"if","locations":[{"start":{"line":421,"column":13},"end":{"line":421,"column":13}},{"start":{"line":421,"column":13},"end":{"line":421,"column":13}}]},"53":{"line":423,"type":"if","locations":[{"start":{"line":423,"column":4},"end":{"line":423,"column":4}},{"start":{"line":423,"column":4},"end":{"line":423,"column":4}}]},"54":{"line":428,"type":"if","locations":[{"start":{"line":428,"column":4},"end":{"line":428,"column":4}},{"start":{"line":428,"column":4},"end":{"line":428,"column":4}}]},"55":{"line":433,"type":"if","locations":[{"start":{"line":433,"column":4},"end":{"line":433,"column":4}},{"start":{"line":433,"column":4},"end":{"line":433,"column":4}}]},"56":{"line":458,"type":"if","locations":[{"start":{"line":458,"column":13},"end":{"line":458,"column":13}},{"start":{"line":458,"column":13},"end":{"line":458,"column":13}}]},"57":{"line":458,"type":"if","locations":[{"start":{"line":458,"column":39},"end":{"line":458,"column":39}},{"start":{"line":458,"column":39},"end":{"line":458,"column":39}}]},"58":{"line":460,"type":"if","locations":[{"start":{"line":460,"column":4},"end":{"line":460,"column":4}},{"start":{"line":460,"column":4},"end":{"line":460,"column":4}}]},"59":{"line":461,"type":"if","locations":[{"start":{"line":461,"column":4},"end":{"line":461,"column":4}},{"start":{"line":461,"column":4},"end":{"line":461,"column":4}}]},"60":{"line":462,"type":"cond-expr","locations":[{"start":{"line":462,"column":6},"end":{"line":462,"column":44}},{"start":{"line":462,"column":49},"end":{"line":462,"column":84}}]},"61":{"line":465,"type":"if","locations":[{"start":{"line":465,"column":4},"end":{"line":465,"column":4}},{"start":{"line":465,"column":4},"end":{"line":465,"column":4}}]},"62":{"line":508,"type":"if","locations":[{"start":{"line":508,"column":15},"end":{"line":508,"column":15}},{"start":{"line":508,"column":15},"end":{"line":508,"column":15}}]},"63":{"line":508,"type":"if","locations":[{"start":{"line":508,"column":29},"end":{"line":508,"column":29}},{"start":{"line":508,"column":29},"end":{"line":508,"column":29}}]},"64":{"line":513,"type":"if","locations":[{"start":{"line":513,"column":4},"end":{"line":513,"column":4}},{"start":{"line":513,"column":4},"end":{"line":513,"column":4}}]},"65":{"line":519,"type":"if","locations":[{"start":{"line":519,"column":8},"end":{"line":519,"column":8}},{"start":{"line":519,"column":8},"end":{"line":519,"column":8}}]},"66":{"line":534,"type":"if","locations":[{"start":{"line":534,"column":4},"end":{"line":534,"column":4}},{"start":{"line":534,"column":4},"end":{"line":534,"column":4}}]},"67":{"line":550,"type":"if","locations":[{"start":{"line":550,"column":45},"end":{"line":550,"column":45}},{"start":{"line":550,"column":45},"end":{"line":550,"column":45}}]},"68":{"line":575,"type":"if","locations":[{"start":{"line":575,"column":4},"end":{"line":575,"column":4}},{"start":{"line":575,"column":4},"end":{"line":575,"column":4}}]},"69":{"line":588,"type":"if","locations":[{"start":{"line":588,"column":4},"end":{"line":588,"column":4}},{"start":{"line":588,"column":4},"end":{"line":588,"column":4}}]},"70":{"line":604,"type":"if","locations":[{"start":{"line":604,"column":4},"end":{"line":604,"column":4}},{"start":{"line":604,"column":4},"end":{"line":604,"column":4}}]},"71":{"line":611,"type":"if","locations":[{"start":{"line":611,"column":4},"end":{"line":611,"column":4}},{"start":{"line":611,"column":4},"end":{"line":611,"column":4}}]},"72":{"line":618,"type":"if","locations":[{"start":{"line":618,"column":4},"end":{"line":618,"column":4}},{"start":{"line":618,"column":4},"end":{"line":618,"column":4}}]},"73":{"line":625,"type":"if","locations":[{"start":{"line":625,"column":4},"end":{"line":625,"column":4}},{"start":{"line":625,"column":4},"end":{"line":625,"column":4}}]},"74":{"line":632,"type":"if","locations":[{"start":{"line":632,"column":4},"end":{"line":632,"column":4}},{"start":{"line":632,"column":4},"end":{"line":632,"column":4}}]},"75":{"line":634,"type":"if","locations":[{"start":{"line":634,"column":8},"end":{"line":634,"column":8}},{"start":{"line":634,"column":8},"end":{"line":634,"column":8}}]},"76":{"line":639,"type":"if","locations":[{"start":{"line":639,"column":12},"end":{"line":639,"column":12}},{"start":{"line":639,"column":12},"end":{"line":639,"column":12}}]},"77":{"line":656,"type":"if","locations":[{"start":{"line":656,"column":4},"end":{"line":656,"column":4}},{"start":{"line":656,"column":4},"end":{"line":656,"column":4}}]},"78":{"line":658,"type":"if","locations":[{"start":{"line":658,"column":8},"end":{"line":658,"column":8}},{"start":{"line":658,"column":8},"end":{"line":658,"column":8}}]},"79":{"line":664,"type":"if","locations":[{"start":{"line":664,"column":12},"end":{"line":664,"column":12}},{"start":{"line":664,"column":12},"end":{"line":664,"column":12}}]},"80":{"line":672,"type":"if","locations":[{"start":{"line":672,"column":4},"end":{"line":672,"column":4}},{"start":{"line":672,"column":4},"end":{"line":672,"column":4}}]},"81":{"line":677,"type":"if","locations":[{"start":{"line":677,"column":8},"end":{"line":677,"column":8}},{"start":{"line":677,"column":8},"end":{"line":677,"column":8}}]},"82":{"line":679,"type":"if","locations":[{"start":{"line":679,"column":11},"end":{"line":679,"column":11}},{"start":{"line":679,"column":11},"end":{"line":679,"column":11}}]},"83":{"line":680,"type":"if","locations":[{"start":{"line":680,"column":8},"end":{"line":680,"column":8}},{"start":{"line":680,"column":8},"end":{"line":680,"column":8}}]},"84":{"line":682,"type":"if","locations":[{"start":{"line":682,"column":38},"end":{"line":682,"column":54}},{"start":{"line":682,"column":58},"end":{"line":682,"column":72}}]},"85":{"line":684,"type":"if","locations":[{"start":{"line":684,"column":12},"end":{"line":684,"column":12}},{"start":{"line":684,"column":12},"end":{"line":684,"column":12}}]},"86":{"line":691,"type":"if","locations":[{"start":{"line":691,"column":12},"end":{"line":691,"column":12}},{"start":{"line":691,"column":12},"end":{"line":691,"column":12}}]},"87":{"line":697,"type":"if","locations":[{"start":{"line":697,"column":8},"end":{"line":697,"column":8}},{"start":{"line":697,"column":8},"end":{"line":697,"column":8}}]},"88":{"line":701,"type":"if","locations":[{"start":{"line":701,"column":12},"end":{"line":701,"column":12}},{"start":{"line":701,"column":12},"end":{"line":701,"column":12}}]},"89":{"line":706,"type":"if","locations":[{"start":{"line":706,"column":4},"end":{"line":706,"column":4}},{"start":{"line":706,"column":4},"end":{"line":706,"column":4}}]},"90":{"line":707,"type":"if","locations":[{"start":{"line":707,"column":28},"end":{"line":707,"column":53}},{"start":{"line":707,"column":57},"end":{"line":707,"column":71}}]},"91":{"line":761,"type":"if","locations":[{"start":{"line":761,"column":4},"end":{"line":761,"column":4}},{"start":{"line":761,"column":4},"end":{"line":761,"column":4}}]},"92":{"line":772,"type":"if","locations":[{"start":{"line":772,"column":4},"end":{"line":772,"column":4}},{"start":{"line":772,"column":4},"end":{"line":772,"column":4}}]},"93":{"line":783,"type":"if","locations":[{"start":{"line":783,"column":4},"end":{"line":783,"column":4}},{"start":{"line":783,"column":4},"end":{"line":783,"column":4}}]},"94":{"line":814,"type":"if","locations":[{"start":{"line":814,"column":4},"end":{"line":814,"column":4}},{"start":{"line":814,"column":4},"end":{"line":814,"column":4}}]},"95":{"line":815,"type":"if","locations":[{"start":{"line":815,"column":4},"end":{"line":815,"column":4}},{"start":{"line":815,"column":4},"end":{"line":815,"column":4}}]}}}}
