TN:
SF:/mnt/c/Users/oronz/Documents/GitHub/ProgettoBlockchain/PlantBlockchain/Blockchain/contracts/enums/enum.sol
FNF:0
FNH:0
LF:0
LH:0
BRF:0
BRH:0
end_of_record
TN:
SF:/mnt/c/Users/oronz/Documents/GitHub/ProgettoBlockchain/PlantBlockchain/Blockchain/contracts/structs/StruttureDati.sol
FNF:0
FNH:0
LF:0
LH:0
BRF:0
BRH:0
end_of_record
TN:
SF:/mnt/c/Users/oronz/Documents/GitHub/ProgettoBlockchain/PlantBlockchain/Blockchain/contracts/VarietyLicenseRegistry.sol
FN:36,onlyAuthority
FN:42,onlyInspector
FN:48,onlyBreederOf
FN:55,onlyLicenseeOf
FN:62,varietyExists
FN:66,batchExists
FN:70,licenseExists
FN:148,constructor
FN:174,registerVariety
FN:211,revokeVariety
FN:225,addInspector
FN:238,removeInspector
FN:252,beginAuthorityTransfer
FN:262,acceptAuthority
FN:286,issueLicense
FN:349,revokeLicense
FN:371,revokeLicenseByAuthority
FN:394,updateLicenseExpiration
FN:421,makeLicensePermanent
FN:458,createBatch
FN:508,inspectBatch
FN:550,getPendingBatches
FN:570,_append
FN:588,verifyBatch
FN:728,getAuthority
FN:736,getPendingAuthority
FN:745,isInspectorAuthorized
FN:752,getCounters
FN:761,getVariety
FN:772,getLicense
FN:783,getBatch
FN:793,getLicensesByLicensee
FN:815,getLicensesByVariety
FNF:33
FNH:29
FNDA:35,onlyAuthority
FNDA:7,onlyInspector
FNDA:19,onlyBreederOf
FNDA:13,onlyLicenseeOf
FNDA:22,varietyExists
FNDA:12,batchExists
FNDA:19,licenseExists
FNDA:25,constructor
FNDA:20,registerVariety
FNDA:2,revokeVariety
FNDA:10,addInspector
FNDA:1,removeInspector
FNDA:1,beginAuthorityTransfer
FNDA:1,acceptAuthority
FNDA:18,issueLicense
FNDA:1,revokeLicense
FNDA:0,revokeLicenseByAuthority
FNDA:1,updateLicenseExpiration
FNDA:0,makeLicensePermanent
FNDA:12,createBatch
FNDA:5,inspectBatch
FNDA:2,getPendingBatches
FNDA:4,_append
FNDA:4,verifyBatch
FNDA:2,getAuthority
FNDA:1,getPendingAuthority
FNDA:2,isInspectorAuthorized
FNDA:1,getCounters
FNDA:2,getVariety
FNDA:4,getLicense
FNDA:3,getBatch
FNDA:0,getLicensesByLicensee
FNDA:0,getLicensesByVariety
DA:37,35
DA:38,34
DA:43,7
DA:44,7
DA:49,19
DA:50,19
DA:51,19
DA:56,13
DA:57,13
DA:58,12
DA:63,22
DA:64,22
DA:67,12
DA:68,12
DA:71,19
DA:72,19
DA:149,25
DA:150,25
DA:151,25
DA:152,25
DA:175,20
DA:176,20
DA:177,20
DA:178,20
DA:179,19
DA:180,19
DA:182,19
DA:183,19
DA:186,19
DA:197,19
DA:199,19
DA:212,2
DA:213,2
DA:214,2
DA:216,2
DA:217,2
DA:226,10
DA:227,10
DA:229,10
DA:231,10
DA:239,1
DA:241,1
DA:243,1
DA:253,1
DA:254,1
DA:255,1
DA:263,1
DA:264,1
DA:265,1
DA:266,1
DA:287,18
DA:288,18
DA:289,18
DA:290,18
DA:292,18
DA:293,1
DA:295,17
DA:299,18
DA:300,18
DA:301,1
DA:303,1
DA:304,1
DA:307,1
DA:309,1
DA:310,1
DA:316,17
DA:317,17
DA:319,17
DA:331,17
DA:332,17
DA:334,17
DA:350,1
DA:351,1
DA:353,1
DA:354,1
DA:355,1
DA:356,1
DA:358,1
DA:372,0
DA:373,0
DA:375,0
DA:376,0
DA:377,0
DA:378,0
DA:380,0
DA:395,1
DA:396,1
DA:397,1
DA:402,1
DA:403,1
DA:404,0
DA:406,1
DA:409,1
DA:410,1
DA:411,1
DA:422,0
DA:423,0
DA:427,0
DA:428,0
DA:433,0
DA:434,0
DA:435,0
DA:436,0
DA:459,12
DA:460,12
DA:461,12
DA:465,11
DA:467,11
DA:468,11
DA:471,11
DA:484,11
DA:485,11
DA:488,11
DA:509,5
DA:513,5
DA:515,5
DA:516,5
DA:519,5
DA:520,1
DA:522,1
DA:523,1
DA:526,5
DA:527,5
DA:531,5
DA:532,5
DA:534,5
DA:535,3
DA:536,3
DA:538,2
DA:539,2
DA:542,5
DA:551,2
DA:552,2
DA:554,2
DA:555,3
DA:556,3
DA:559,2
DA:575,4
DA:576,1
DA:591,4
DA:592,4
DA:593,4
DA:595,4
DA:596,4
DA:597,4
DA:599,4
DA:600,4
DA:604,4
DA:605,0
DA:606,0
DA:607,0
DA:611,4
DA:612,1
DA:613,1
DA:614,1
DA:618,4
DA:619,0
DA:620,0
DA:621,0
DA:625,4
DA:626,0
DA:627,0
DA:628,0
DA:632,4
DA:634,0
DA:635,0
DA:636,0
DA:639,0
DA:640,0
DA:641,0
DA:642,0
DA:645,0
DA:646,0
DA:647,0
DA:654,4
DA:656,4
DA:658,4
DA:659,0
DA:660,0
DA:661,0
DA:664,4
DA:665,0
DA:666,0
DA:672,4
DA:673,1
DA:674,1
DA:677,1
DA:680,1
DA:682,1
DA:684,1
DA:685,1
DA:687,0
DA:691,0
DA:695,2
DA:697,2
DA:699,1
DA:701,1
DA:706,4
DA:707,0
DA:710,4
DA:729,2
DA:737,1
DA:746,2
DA:753,1
DA:764,2
DA:775,4
DA:786,3
DA:794,0
DA:795,0
DA:797,0
DA:798,0
DA:801,0
DA:818,0
DA:819,0
DA:821,0
DA:822,0
DA:825,0
LF:217
LH:164
BRDA:37,1,0,34
BRDA:37,1,1,1
BRDA:43,2,0,7
BRDA:43,2,1,0
BRDA:49,3,0,19
BRDA:49,3,1,0
BRDA:50,4,0,19
BRDA:50,4,1,0
BRDA:56,5,0,13
BRDA:56,5,1,0
BRDA:57,6,0,12
BRDA:57,6,1,1
BRDA:63,7,0,22
BRDA:63,7,1,0
BRDA:67,8,0,12
BRDA:67,8,1,0
BRDA:71,9,0,19
BRDA:71,9,1,0
BRDA:174,10,0,20
BRDA:174,10,1,0
BRDA:175,11,0,20
BRDA:175,11,1,0
BRDA:176,12,0,20
BRDA:176,12,1,0
BRDA:177,13,0,20
BRDA:177,13,1,0
BRDA:178,14,0,19
BRDA:178,14,1,1
BRDA:179,15,0,19
BRDA:179,15,1,0
BRDA:180,16,0,19
BRDA:180,16,1,0
BRDA:211,17,0,2
BRDA:211,17,1,0
BRDA:211,18,0,2
BRDA:211,18,1,0
BRDA:212,19,0,2
BRDA:212,19,1,0
BRDA:213,20,0,2
BRDA:213,20,1,0
BRDA:225,21,0,10
BRDA:225,21,1,1
BRDA:226,22,0,10
BRDA:226,22,1,0
BRDA:227,23,0,10
BRDA:227,23,1,0
BRDA:238,24,0,1
BRDA:238,24,1,0
BRDA:239,25,0,1
BRDA:239,25,1,0
BRDA:252,26,0,1
BRDA:252,26,1,0
BRDA:253,27,0,1
BRDA:253,27,1,0
BRDA:254,28,0,1
BRDA:254,28,1,0
BRDA:263,29,0,1
BRDA:263,29,1,0
BRDA:286,30,0,18
BRDA:286,30,1,0
BRDA:286,31,0,18
BRDA:286,31,1,0
BRDA:287,32,0,18
BRDA:287,32,1,0
BRDA:288,33,0,18
BRDA:288,33,1,0
BRDA:289,34,0,18
BRDA:289,34,1,0
BRDA:290,35,0,18
BRDA:290,35,1,0
BRDA:292,36,0,1
BRDA:292,36,1,17
BRDA:295,37,0,17
BRDA:295,37,1,0
BRDA:309,38,0,1
BRDA:309,38,1,0
BRDA:349,39,0,1
BRDA:349,39,1,0
BRDA:349,40,0,1
BRDA:349,40,1,0
BRDA:350,41,0,1
BRDA:350,41,1,0
BRDA:351,42,0,1
BRDA:351,42,1,0
BRDA:371,43,0,0
BRDA:371,43,1,0
BRDA:371,44,0,0
BRDA:371,44,1,0
BRDA:372,45,0,0
BRDA:372,45,1,0
BRDA:373,46,0,0
BRDA:373,46,1,0
BRDA:394,47,0,1
BRDA:394,47,1,0
BRDA:397,48,0,1
BRDA:397,48,1,0
BRDA:402,49,0,1
BRDA:402,49,1,0
BRDA:403,50,0,0
BRDA:403,50,1,1
BRDA:406,51,0,1
BRDA:406,51,1,0
BRDA:421,52,0,0
BRDA:421,52,1,0
BRDA:423,53,0,0
BRDA:423,53,1,0
BRDA:428,54,0,0
BRDA:428,54,1,0
BRDA:433,55,0,0
BRDA:433,55,1,0
BRDA:458,56,0,13
BRDA:458,56,1,0
BRDA:458,57,0,12
BRDA:458,57,1,1
BRDA:460,58,0,12
BRDA:460,58,1,0
BRDA:461,59,0,11
BRDA:461,59,1,1
BRDA:462,60,0,0
BRDA:462,60,1,11
BRDA:465,61,0,11
BRDA:465,61,1,0
BRDA:508,62,0,5
BRDA:508,62,1,0
BRDA:508,63,0,5
BRDA:508,63,1,0
BRDA:513,64,0,5
BRDA:513,64,1,0
BRDA:519,65,0,1
BRDA:519,65,1,4
BRDA:534,66,0,3
BRDA:534,66,1,2
BRDA:550,67,0,2
BRDA:550,67,1,0
BRDA:575,68,0,3
BRDA:575,68,1,1
BRDA:588,69,0,4
BRDA:588,69,1,0
BRDA:604,70,0,0
BRDA:604,70,1,4
BRDA:611,71,0,1
BRDA:611,71,1,3
BRDA:618,72,0,0
BRDA:618,72,1,4
BRDA:625,73,0,0
BRDA:625,73,1,4
BRDA:632,74,0,0
BRDA:632,74,1,4
BRDA:634,75,0,0
BRDA:634,75,1,0
BRDA:639,76,0,0
BRDA:639,76,1,0
BRDA:656,77,0,4
BRDA:656,77,1,0
BRDA:658,78,0,0
BRDA:658,78,1,4
BRDA:664,79,0,0
BRDA:664,79,1,4
BRDA:672,80,0,1
BRDA:672,80,1,3
BRDA:677,81,0,1
BRDA:677,81,1,0
BRDA:679,82,0,1
BRDA:679,82,1,2
BRDA:680,83,0,1
BRDA:680,83,1,0
BRDA:682,84,0,0
BRDA:682,84,1,1
BRDA:684,85,0,1
BRDA:684,85,1,0
BRDA:691,86,0,0
BRDA:691,86,1,0
BRDA:697,87,0,1
BRDA:697,87,1,1
BRDA:701,88,0,0
BRDA:701,88,1,1
BRDA:706,89,0,0
BRDA:706,89,1,4
BRDA:707,90,0,0
BRDA:707,90,1,0
BRDA:761,91,0,2
BRDA:761,91,1,0
BRDA:772,92,0,4
BRDA:772,92,1,0
BRDA:783,93,0,3
BRDA:783,93,1,0
BRDA:814,94,0,0
BRDA:814,94,1,0
BRDA:815,95,0,0
BRDA:815,95,1,0
BRF:190
BRH:95
end_of_record
